\BOOKMARK [1][-]{section.1}{Introduction}{}% 1
\BOOKMARK [1][-]{section.2}{Approach}{}% 2
\BOOKMARK [2][-]{subsection.2.1}{Data Sets}{section.2}% 3
\BOOKMARK [2][-]{subsection.2.2}{Word Representations}{section.2}% 4
\BOOKMARK [2][-]{subsection.2.3}{Models}{section.2}% 5
\BOOKMARK [2][-]{subsection.2.4}{Baseline}{section.2}% 6
\BOOKMARK [1][-]{section.3}{Experiment}{}% 7
\BOOKMARK [1][-]{section.4}{Conclusion}{}% 8
\BOOKMARK [1][-]{section.5}{Submission of papers to NIPS 2013}{}% 9
\BOOKMARK [2][-]{subsection.5.1}{Style}{section.5}% 10
\BOOKMARK [2][-]{subsection.5.2}{Retrieval of style files}{section.5}% 11
\BOOKMARK [1][-]{section.6}{General formatting instructions}{}% 12
\BOOKMARK [1][-]{section.7}{Headings: first level}{}% 13
\BOOKMARK [2][-]{subsection.7.1}{Headings: second level}{section.7}% 14
\BOOKMARK [3][-]{subsubsection.7.1.1}{Headings: third level}{subsection.7.1}% 15
\BOOKMARK [1][-]{section.8}{Citations, figures, tables, references}{}% 16
\BOOKMARK [2][-]{subsection.8.1}{Citations within the text}{section.8}% 17
\BOOKMARK [2][-]{subsection.8.2}{Footnotes}{section.8}% 18
\BOOKMARK [2][-]{subsection.8.3}{Figures}{section.8}% 19
\BOOKMARK [2][-]{subsection.8.4}{Tables}{section.8}% 20
\BOOKMARK [1][-]{section.9}{Final instructions}{}% 21
\BOOKMARK [1][-]{section.10}{Preparing PostScript or PDF files}{}% 22
\BOOKMARK [2][-]{subsection.10.1}{Margins in LaTeX}{section.10}% 23
